Arguments: 
  /home/kbrtec/.nvm/versions/node/v10.16.3/bin/node /usr/share/yarn/bin/yarn.js

PATH: 
  /home/kbrtec/.nvm/versions/node/v10.16.3/bin:/usr/local/sbin:/usr/local/bin:/usr/sbin:/usr/bin:/sbin:/bin:/usr/games:/usr/local/games:/home/kbrtec/Android/Sdk/tools:/home/kbrtec/Android/Sdk/platform-tools

Yarn version: 
  1.19.0

Node version: 
  10.16.3

Platform: 
  linux x64

Trace: 
  Error: EPERM: operation not permitted, symlink '../../../which/bin/which' -> '/media/kbrtec/1D44-2DE9/Workspace/semana-omnistack-9/aulas/backend/node_modules/cross-spawn/node_modules/.bin/which'

npm manifest: 
  {
    "name": "backend",
    "version": "1.0.0",
    "main": "index.js",
    "license": "MIT",
    "scripts": {
      "dev": "nodemon src/server.js"
    },
    "dependencies": {
      "cors": "^2.8.5",
      "express": "^4.17.1",
      "mongoose": "^5.7.3",
      "multer": "^1.4.2"
    },
    "devDependencies": {
      "nodemon": "^1.19.3"
    }
  }

yarn manifest: 
  No manifest

Lockfile: 
  No lockfile
